Using pre-set license
Built from '2020.3/staging' branch; Version is '2020.3.30f1 (1fb1bf06830e) revision 2077119'; Using compiler version '192528614'; Build Type 'Release'
OS: 'Windows 11  (10.0.22000) 64bit Core' Language: 'ko' Physical Memory: 15776 MB
BatchMode: 1, IsHumanControllingUs: 0, StartBugReporterOnCrash: 0, Is64bit: 1, IsPro: 0

COMMAND LINE ARGUMENTS:
C:\Program Files\Unity\Hub\Editor\2020.3.30f1\Editor\Unity.exe
-adb2
-batchMode
-noUpm
-name
AssetImportWorker0
-projectPath
C:/Users/ADLeona/MiniProject/MiniProject/GunTesting
-logFile
Logs/AssetImportWorker0.log
-srvPort
50089
Successfully changed project path to: C:/Users/ADLeona/MiniProject/MiniProject/GunTesting
C:/Users/ADLeona/MiniProject/MiniProject/GunTesting
Using Asset Import Pipeline V2.
Refreshing native plugins compatible for Editor in 46.49 ms, found 2 plugins.
Preloading 0 native plugins for Editor in 0.00 ms.
Initialize engine version: 2020.3.30f1 (1fb1bf06830e)
[Subsystems] Discovering subsystems at path C:/Program Files/Unity/Hub/Editor/2020.3.30f1/Editor/Data/Resources/UnitySubsystems
[Subsystems] Discovering subsystems at path C:/Users/ADLeona/MiniProject/MiniProject/GunTesting/Assets
GfxDevice: creating device client; threaded=0
Direct3D:
    Version:  Direct3D 11.0 [level 11.1]
    Renderer: NVIDIA GeForce RTX 3060 Laptop GPU (ID=0x2520)
    Vendor:   
    VRAM:     6023 MB
    Driver:   27.21.14.6213
Initialize mono
Mono path[0] = 'C:/Program Files/Unity/Hub/Editor/2020.3.30f1/Editor/Data/Managed'
Mono path[1] = 'C:/Program Files/Unity/Hub/Editor/2020.3.30f1/Editor/Data/MonoBleedingEdge/lib/mono/unityjit'
Mono config path = 'C:/Program Files/Unity/Hub/Editor/2020.3.30f1/Editor/Data/MonoBleedingEdge/etc'
Using monoOptions --debugger-agent=transport=dt_socket,embedding=1,server=y,suspend=n,address=127.0.0.1:56836
Begin MonoManager ReloadAssembly
Registering precompiled unity dll's ...
Register platform support module: C:/Program Files/Unity/Hub/Editor/2020.3.30f1/Editor/Data/PlaybackEngines/WindowsStandaloneSupport/UnityEditor.WindowsStandalone.Extensions.dll
Registered in 0.004642 seconds.
Native extension for WindowsStandalone target not found
Refreshing native plugins compatible for Editor in 48.49 ms, found 2 plugins.
Preloading 0 native plugins for Editor in 0.00 ms.
Mono: successfully reloaded assembly
- Completed reload, in  0.903 seconds
Domain Reload Profiling:
	ReloadAssembly (904ms)
		BeginReloadAssembly (131ms)
			ExecutionOrderSort (0ms)
			DisableScriptedObjects (0ms)
			BackupInstance (0ms)
			ReleaseScriptingObjects (0ms)
			CreateAndSetChildDomain (1ms)
		EndReloadAssembly (645ms)
			LoadAssemblies (126ms)
			RebuildTransferFunctionScriptingTraits (0ms)
			SetupTypeCache (188ms)
			ReleaseScriptCaches (0ms)
			RebuildScriptCaches (43ms)
			SetupLoadedEditorAssemblies (229ms)
				LogAssemblyErrors (0ms)
				InitializePlatformSupportModulesInManaged (6ms)
				SetLoadedEditorAssemblies (0ms)
				RefreshPlugins (49ms)
				BeforeProcessingInitializeOnLoad (16ms)
				ProcessInitializeOnLoadAttributes (115ms)
				ProcessInitializeOnLoadMethodAttributes (43ms)
				AfterProcessingInitializeOnLoad (0ms)
				EditorAssembliesLoaded (0ms)
			ExecutionOrderSort2 (0ms)
			AwakeInstancesAfterBackupRestoration (0ms)
Platform modules already initialized, skipping
Registering precompiled user dll's ...
Registered in 0.007525 seconds.
Begin MonoManager ReloadAssembly
Native extension for WindowsStandalone target not found
Refreshing native plugins compatible for Editor in 0.46 ms, found 2 plugins.
Preloading 0 native plugins for Editor in 0.00 ms.
Mono: successfully reloaded assembly
- Completed reload, in  1.569 seconds
Domain Reload Profiling:
	ReloadAssembly (1571ms)
		BeginReloadAssembly (277ms)
			ExecutionOrderSort (0ms)
			DisableScriptedObjects (6ms)
			BackupInstance (0ms)
			ReleaseScriptingObjects (0ms)
			CreateAndSetChildDomain (28ms)
		EndReloadAssembly (1192ms)
			LoadAssemblies (188ms)
			RebuildTransferFunctionScriptingTraits (0ms)
			SetupTypeCache (462ms)
			ReleaseScriptCaches (1ms)
			RebuildScriptCaches (48ms)
			SetupLoadedEditorAssemblies (438ms)
				LogAssemblyErrors (0ms)
				InitializePlatformSupportModulesInManaged (6ms)
				SetLoadedEditorAssemblies (1ms)
				RefreshPlugins (1ms)
				BeforeProcessingInitializeOnLoad (125ms)
				ProcessInitializeOnLoadAttributes (271ms)
				ProcessInitializeOnLoadMethodAttributes (20ms)
				AfterProcessingInitializeOnLoad (15ms)
				EditorAssembliesLoaded (0ms)
			ExecutionOrderSort2 (0ms)
			AwakeInstancesAfterBackupRestoration (9ms)
Platform modules already initialized, skipping
========================================================================
Worker process is ready to serve import requests
Launched and connected shader compiler UnityShaderCompiler.exe after 0.10 seconds
Refreshing native plugins compatible for Editor in 0.83 ms, found 2 plugins.
Preloading 0 native plugins for Editor in 0.00 ms.
Unloading 1503 Unused Serialized files (Serialized files now loaded: 0)
System memory in use before: 67.7 MB.
System memory in use after: 67.8 MB.

Unloading 16 unused Assets to reduce memory usage. Loaded Objects now: 1938.
Total: 4.340200 ms (FindLiveObjects: 0.280600 ms CreateObjectMapping: 0.073300 ms MarkObjects: 3.886000 ms  DeleteObjects: 0.098800 ms)

AssetImportParameters requested are different than current active one (requested -> active):
  custom:framework-win-MediaFoundation: 216162199b28c13a410421893ffa2e32 -> 
  custom:video-decoder-ogg-theora: a1e56fd34408186e4bbccfd4996cb3dc -> 
  custom:container-muxer-webm: aa71ff27fc2769a1b78a27578f13a17b -> 
  custom:container-demuxer-webm: 4f35f7cbe854078d1ac9338744f61a02 -> 
  custom:container-demuxer-ogg: 62fdf1f143b41e24485cea50d1cbac27 -> 
  custom:video-encoder-webm-vp8: eb34c28f22e8b96e1ab97ce403110664 -> 
  custom:video-decoder-webm-vp8: 9c59270c3fd7afecdb556c50c9e8de78 -> 
  custom:audio-decoder-ogg-vorbis: bf7c407c2cedff20999df2af8eb42d56 -> 
  custom:audio-encoder-webm-vorbis: bf7c407c2cedff20999df2af8eb42d56 -> 
========================================================================
Received Import Request.
  path: Assets/Scripts/PlayerController.cs
  artifactKey: Guid(dc72e955377d2e240b4a93c40063d299) Importer(815301076,1909f56bfc062723c751e8b465ee728b)
Start importing Assets/Scripts/PlayerController.cs using Guid(dc72e955377d2e240b4a93c40063d299) Importer(815301076,1909f56bfc062723c751e8b465ee728b)  -> (artifact id: 'e2f036becc465c046d89b2631751e080') in 0.095230 seconds 
========================================================================
Received Import Request.
  Time since last request: 783.803262 seconds.
  path: Assets/Scripts/NewBehaviourScript.cs
  artifactKey: Guid(f8475e684e7b3df4c92daecbc220df39) Importer(815301076,1909f56bfc062723c751e8b465ee728b)
Start importing Assets/Scripts/NewBehaviourScript.cs using Guid(f8475e684e7b3df4c92daecbc220df39) Importer(815301076,1909f56bfc062723c751e8b465ee728b)  -> (artifact id: 'a3533870a1a081b96e0e7824a92ba746') in 0.013973 seconds 
========================================================================
Received Prepare
Registering precompiled user dll's ...
Registered in 0.007736 seconds.
Begin MonoManager ReloadAssembly
Native extension for WindowsStandalone target not found
Refreshing native plugins compatible for Editor in 0.47 ms, found 2 plugins.
Preloading 0 native plugins for Editor in 0.00 ms.
Mono: successfully reloaded assembly
- Completed reload, in  1.251 seconds
Domain Reload Profiling:
	ReloadAssembly (1251ms)
		BeginReloadAssembly (207ms)
			ExecutionOrderSort (0ms)
			DisableScriptedObjects (8ms)
			BackupInstance (0ms)
			ReleaseScriptingObjects (0ms)
			CreateAndSetChildDomain (49ms)
		EndReloadAssembly (952ms)
			LoadAssemblies (170ms)
			RebuildTransferFunctionScriptingTraits (0ms)
			SetupTypeCache (331ms)
			ReleaseScriptCaches (1ms)
			RebuildScriptCaches (38ms)
			SetupLoadedEditorAssemblies (367ms)
				LogAssemblyErrors (0ms)
				InitializePlatformSupportModulesInManaged (6ms)
				SetLoadedEditorAssemblies (1ms)
				RefreshPlugins (1ms)
				BeforeProcessingInitializeOnLoad (118ms)
				ProcessInitializeOnLoadAttributes (213ms)
				ProcessInitializeOnLoadMethodAttributes (13ms)
				AfterProcessingInitializeOnLoad (15ms)
				EditorAssembliesLoaded (0ms)
			ExecutionOrderSort2 (0ms)
			AwakeInstancesAfterBackupRestoration (9ms)
Platform modules already initialized, skipping
Refreshing native plugins compatible for Editor in 0.45 ms, found 2 plugins.
Preloading 0 native plugins for Editor in 0.00 ms.
Unloading 1498 Unused Serialized files (Serialized files now loaded: 0)
System memory in use before: 67.6 MB.
System memory in use after: 67.7 MB.

Unloading 11 unused Assets to reduce memory usage. Loaded Objects now: 1941.
Total: 3.564900 ms (FindLiveObjects: 0.297000 ms CreateObjectMapping: 0.062700 ms MarkObjects: 3.181300 ms  DeleteObjects: 0.022800 ms)

AssetImportParameters requested are different than current active one (requested -> active):
  custom:framework-win-MediaFoundation: 216162199b28c13a410421893ffa2e32 -> 
  custom:video-decoder-ogg-theora: a1e56fd34408186e4bbccfd4996cb3dc -> 
  custom:container-muxer-webm: aa71ff27fc2769a1b78a27578f13a17b -> 
  custom:container-demuxer-webm: 4f35f7cbe854078d1ac9338744f61a02 -> 
  custom:container-demuxer-ogg: 62fdf1f143b41e24485cea50d1cbac27 -> 
  custom:video-encoder-webm-vp8: eb34c28f22e8b96e1ab97ce403110664 -> 
  custom:video-decoder-webm-vp8: 9c59270c3fd7afecdb556c50c9e8de78 -> 
  custom:audio-decoder-ogg-vorbis: bf7c407c2cedff20999df2af8eb42d56 -> 
  custom:audio-encoder-webm-vorbis: bf7c407c2cedff20999df2af8eb42d56 -> 
========================================================================
Received Import Request.
  Time since last request: 8.166375 seconds.
  path: Assets/Scripts/GunSystem.cs
  artifactKey: Guid(f8475e684e7b3df4c92daecbc220df39) Importer(815301076,1909f56bfc062723c751e8b465ee728b)
Start importing Assets/Scripts/GunSystem.cs using Guid(f8475e684e7b3df4c92daecbc220df39) Importer(815301076,1909f56bfc062723c751e8b465ee728b)  -> (artifact id: 'a98662da76a4cd2c61ec34fe7b6040e3') in 0.016337 seconds 
========================================================================
Received Prepare
Registering precompiled user dll's ...
Registered in 0.005650 seconds.
Begin MonoManager ReloadAssembly
Native extension for WindowsStandalone target not found
Refreshing native plugins compatible for Editor in 0.40 ms, found 2 plugins.
Preloading 0 native plugins for Editor in 0.00 ms.
Mono: successfully reloaded assembly
- Completed reload, in  1.256 seconds
Domain Reload Profiling:
	ReloadAssembly (1257ms)
		BeginReloadAssembly (195ms)
			ExecutionOrderSort (0ms)
			DisableScriptedObjects (6ms)
			BackupInstance (0ms)
			ReleaseScriptingObjects (0ms)
			CreateAndSetChildDomain (47ms)
		EndReloadAssembly (980ms)
			LoadAssemblies (167ms)
			RebuildTransferFunctionScriptingTraits (0ms)
			SetupTypeCache (317ms)
			ReleaseScriptCaches (1ms)
			RebuildScriptCaches (41ms)
			SetupLoadedEditorAssemblies (401ms)
				LogAssemblyErrors (0ms)
				InitializePlatformSupportModulesInManaged (7ms)
				SetLoadedEditorAssemblies (1ms)
				RefreshPlugins (1ms)
				BeforeProcessingInitializeOnLoad (159ms)
				ProcessInitializeOnLoadAttributes (209ms)
				ProcessInitializeOnLoadMethodAttributes (12ms)
				AfterProcessingInitializeOnLoad (12ms)
				EditorAssembliesLoaded (0ms)
			ExecutionOrderSort2 (0ms)
			AwakeInstancesAfterBackupRestoration (8ms)
Platform modules already initialized, skipping
Refreshing native plugins compatible for Editor in 0.45 ms, found 2 plugins.
Preloading 0 native plugins for Editor in 0.00 ms.
Unloading 1498 Unused Serialized files (Serialized files now loaded: 0)
System memory in use before: 67.6 MB.
System memory in use after: 67.7 MB.

Unloading 11 unused Assets to reduce memory usage. Loaded Objects now: 1943.
Total: 3.131100 ms (FindLiveObjects: 0.147700 ms CreateObjectMapping: 0.054600 ms MarkObjects: 2.906000 ms  DeleteObjects: 0.021800 ms)

AssetImportParameters requested are different than current active one (requested -> active):
  custom:framework-win-MediaFoundation: 216162199b28c13a410421893ffa2e32 -> 
  custom:video-decoder-ogg-theora: a1e56fd34408186e4bbccfd4996cb3dc -> 
  custom:container-muxer-webm: aa71ff27fc2769a1b78a27578f13a17b -> 
  custom:container-demuxer-webm: 4f35f7cbe854078d1ac9338744f61a02 -> 
  custom:container-demuxer-ogg: 62fdf1f143b41e24485cea50d1cbac27 -> 
  custom:video-encoder-webm-vp8: eb34c28f22e8b96e1ab97ce403110664 -> 
  custom:video-decoder-webm-vp8: 9c59270c3fd7afecdb556c50c9e8de78 -> 
  custom:audio-decoder-ogg-vorbis: bf7c407c2cedff20999df2af8eb42d56 -> 
  custom:audio-encoder-webm-vorbis: bf7c407c2cedff20999df2af8eb42d56 -> 
========================================================================
Received Prepare
Registering precompiled user dll's ...
Registered in 0.005690 seconds.
Begin MonoManager ReloadAssembly
Native extension for WindowsStandalone target not found
Refreshing native plugins compatible for Editor in 0.51 ms, found 2 plugins.
Preloading 0 native plugins for Editor in 0.00 ms.
Mono: successfully reloaded assembly
- Completed reload, in  1.287 seconds
Domain Reload Profiling:
	ReloadAssembly (1287ms)
		BeginReloadAssembly (218ms)
			ExecutionOrderSort (0ms)
			DisableScriptedObjects (6ms)
			BackupInstance (0ms)
			ReleaseScriptingObjects (0ms)
			CreateAndSetChildDomain (43ms)
		EndReloadAssembly (974ms)
			LoadAssemblies (190ms)
			RebuildTransferFunctionScriptingTraits (0ms)
			SetupTypeCache (318ms)
			ReleaseScriptCaches (1ms)
			RebuildScriptCaches (42ms)
			SetupLoadedEditorAssemblies (389ms)
				LogAssemblyErrors (0ms)
				InitializePlatformSupportModulesInManaged (7ms)
				SetLoadedEditorAssemblies (1ms)
				RefreshPlugins (1ms)
				BeforeProcessingInitializeOnLoad (125ms)
				ProcessInitializeOnLoadAttributes (231ms)
				ProcessInitializeOnLoadMethodAttributes (11ms)
				AfterProcessingInitializeOnLoad (12ms)
				EditorAssembliesLoaded (0ms)
			ExecutionOrderSort2 (0ms)
			AwakeInstancesAfterBackupRestoration (8ms)
Platform modules already initialized, skipping
Refreshing native plugins compatible for Editor in 0.50 ms, found 2 plugins.
Preloading 0 native plugins for Editor in 0.00 ms.
Unloading 1498 Unused Serialized files (Serialized files now loaded: 0)
System memory in use before: 67.6 MB.
System memory in use after: 67.7 MB.

Unloading 11 unused Assets to reduce memory usage. Loaded Objects now: 1945.
Total: 3.587400 ms (FindLiveObjects: 0.177000 ms CreateObjectMapping: 0.053400 ms MarkObjects: 3.327000 ms  DeleteObjects: 0.028800 ms)

AssetImportParameters requested are different than current active one (requested -> active):
  custom:framework-win-MediaFoundation: 216162199b28c13a410421893ffa2e32 -> 
  custom:video-decoder-ogg-theora: a1e56fd34408186e4bbccfd4996cb3dc -> 
  custom:container-muxer-webm: aa71ff27fc2769a1b78a27578f13a17b -> 
  custom:container-demuxer-webm: 4f35f7cbe854078d1ac9338744f61a02 -> 
  custom:container-demuxer-ogg: 62fdf1f143b41e24485cea50d1cbac27 -> 
  custom:video-encoder-webm-vp8: eb34c28f22e8b96e1ab97ce403110664 -> 
  custom:video-decoder-webm-vp8: 9c59270c3fd7afecdb556c50c9e8de78 -> 
  custom:audio-decoder-ogg-vorbis: bf7c407c2cedff20999df2af8eb42d56 -> 
  custom:audio-encoder-webm-vorbis: bf7c407c2cedff20999df2af8eb42d56 -> 
========================================================================
Received Import Request.
  Time since last request: 65.528214 seconds.
  path: Assets/Scripts/GunSystem.cs
  artifactKey: Guid(f8475e684e7b3df4c92daecbc220df39) Importer(815301076,1909f56bfc062723c751e8b465ee728b)
Start importing Assets/Scripts/GunSystem.cs using Guid(f8475e684e7b3df4c92daecbc220df39) Importer(815301076,1909f56bfc062723c751e8b465ee728b)  -> (artifact id: 'bbab74e842240f70d516277346664e51') in 0.007668 seconds 
========================================================================
Received Prepare
Registering precompiled user dll's ...
Registered in 0.008967 seconds.
Begin MonoManager ReloadAssembly
Native extension for WindowsStandalone target not found
Refreshing native plugins compatible for Editor in 0.40 ms, found 2 plugins.
Preloading 0 native plugins for Editor in 0.00 ms.
Mono: successfully reloaded assembly
- Completed reload, in  1.316 seconds
Domain Reload Profiling:
	ReloadAssembly (1317ms)
		BeginReloadAssembly (207ms)
			ExecutionOrderSort (0ms)
			DisableScriptedObjects (6ms)
			BackupInstance (0ms)
			ReleaseScriptingObjects (0ms)
			CreateAndSetChildDomain (47ms)
		EndReloadAssembly (1008ms)
			LoadAssemblies (195ms)
			RebuildTransferFunctionScriptingTraits (0ms)
			SetupTypeCache (338ms)
			ReleaseScriptCaches (1ms)
			RebuildScriptCaches (42ms)
			SetupLoadedEditorAssemblies (392ms)
				LogAssemblyErrors (0ms)
				InitializePlatformSupportModulesInManaged (7ms)
				SetLoadedEditorAssemblies (1ms)
				RefreshPlugins (0ms)
				BeforeProcessingInitializeOnLoad (129ms)
				ProcessInitializeOnLoadAttributes (231ms)
				ProcessInitializeOnLoadMethodAttributes (12ms)
				AfterProcessingInitializeOnLoad (12ms)
				EditorAssembliesLoaded (0ms)
			ExecutionOrderSort2 (0ms)
			AwakeInstancesAfterBackupRestoration (9ms)
Platform modules already initialized, skipping
Refreshing native plugins compatible for Editor in 0.45 ms, found 2 plugins.
Preloading 0 native plugins for Editor in 0.00 ms.
Unloading 1498 Unused Serialized files (Serialized files now loaded: 0)
System memory in use before: 67.6 MB.
System memory in use after: 67.7 MB.

Unloading 11 unused Assets to reduce memory usage. Loaded Objects now: 1947.
Total: 4.828100 ms (FindLiveObjects: 0.173600 ms CreateObjectMapping: 0.209800 ms MarkObjects: 4.416500 ms  DeleteObjects: 0.027200 ms)

AssetImportParameters requested are different than current active one (requested -> active):
  custom:framework-win-MediaFoundation: 216162199b28c13a410421893ffa2e32 -> 
  custom:video-decoder-ogg-theora: a1e56fd34408186e4bbccfd4996cb3dc -> 
  custom:container-muxer-webm: aa71ff27fc2769a1b78a27578f13a17b -> 
  custom:container-demuxer-webm: 4f35f7cbe854078d1ac9338744f61a02 -> 
  custom:container-demuxer-ogg: 62fdf1f143b41e24485cea50d1cbac27 -> 
  custom:video-encoder-webm-vp8: eb34c28f22e8b96e1ab97ce403110664 -> 
  custom:video-decoder-webm-vp8: 9c59270c3fd7afecdb556c50c9e8de78 -> 
  custom:audio-decoder-ogg-vorbis: bf7c407c2cedff20999df2af8eb42d56 -> 
  custom:audio-encoder-webm-vorbis: bf7c407c2cedff20999df2af8eb42d56 -> 
========================================================================
Received Import Request.
  Time since last request: 50.476094 seconds.
  path: Assets/Scripts/GunSystem.cs
  artifactKey: Guid(f8475e684e7b3df4c92daecbc220df39) Importer(815301076,1909f56bfc062723c751e8b465ee728b)
Start importing Assets/Scripts/GunSystem.cs using Guid(f8475e684e7b3df4c92daecbc220df39) Importer(815301076,1909f56bfc062723c751e8b465ee728b)  -> (artifact id: '2b5cea208088d00f4c7231256f748d4f') in 0.009300 seconds 
========================================================================
Received Import Request.
  Time since last request: 1875.685285 seconds.
  path: Assets/Scripts/GunSystem.cs
  artifactKey: Guid(f8475e684e7b3df4c92daecbc220df39) Importer(815301076,1909f56bfc062723c751e8b465ee728b)
Start importing Assets/Scripts/GunSystem.cs using Guid(f8475e684e7b3df4c92daecbc220df39) Importer(815301076,1909f56bfc062723c751e8b465ee728b)  -> (artifact id: 'f0adf679106b6df52cb297d4a1215d84') in 0.009201 seconds 
========================================================================
Received Import Request.
  Time since last request: 125.814403 seconds.
  path: ProjectSettings/TagManager.asset
  artifactKey: Guid(00000000000000003000000000000000) Importer(815301076,1909f56bfc062723c751e8b465ee728b)
Start importing ProjectSettings/TagManager.asset using Guid(00000000000000003000000000000000) Importer(815301076,1909f56bfc062723c751e8b465ee728b)  -> (artifact id: 'ce6a35c3cddc746e7501c0bd0ed6d4ce') in 0.068807 seconds 
========================================================================
Received Import Request.
  Time since last request: 1756.911319 seconds.
  path: Assets/Scripts/CameraShake.cs
  artifactKey: Guid(2d8c0ef4cd4b9f94aa0a1c2a701d97a1) Importer(815301076,1909f56bfc062723c751e8b465ee728b)
Start importing Assets/Scripts/CameraShake.cs using Guid(2d8c0ef4cd4b9f94aa0a1c2a701d97a1) Importer(815301076,1909f56bfc062723c751e8b465ee728b)  -> (artifact id: '044d790a20d3242ea22eb7db7a477c65') in 0.007302 seconds 
========================================================================
Received Import Request.
  Time since last request: 567.163120 seconds.
  path: Assets/Scripts/CameraShake.cs
  artifactKey: Guid(2d8c0ef4cd4b9f94aa0a1c2a701d97a1) Importer(815301076,1909f56bfc062723c751e8b465ee728b)
Start importing Assets/Scripts/CameraShake.cs using Guid(2d8c0ef4cd4b9f94aa0a1c2a701d97a1) Importer(815301076,1909f56bfc062723c751e8b465ee728b)  -> (artifact id: '30a2420ba18ac7e13629bb85b6246443') in 0.005530 seconds 
========================================================================
Received Import Request.
  Time since last request: 945.883122 seconds.
  path: Assets/EZ Camera Shake/Docs
  artifactKey: Guid(b78ba176afd9fe44c8b9515b1d898efa) Importer(815301076,1909f56bfc062723c751e8b465ee728b)
Start importing Assets/EZ Camera Shake/Docs using Guid(b78ba176afd9fe44c8b9515b1d898efa) Importer(815301076,1909f56bfc062723c751e8b465ee728b)  -> (artifact id: '07f63fc94a8adbe92531183c07c55ab7') in 0.007427 seconds 
========================================================================
Received Import Request.
  Time since last request: 3.498993 seconds.
  path: Assets/EZ Camera Shake/Scripts/CameraShakeInstance.cs
  artifactKey: Guid(15591c547998f4e47a2e8ce9ac3d3a73) Importer(815301076,1909f56bfc062723c751e8b465ee728b)
Start importing Assets/EZ Camera Shake/Scripts/CameraShakeInstance.cs using Guid(15591c547998f4e47a2e8ce9ac3d3a73) Importer(815301076,1909f56bfc062723c751e8b465ee728b)  -> (artifact id: 'e2aa10b81d5284e7a5de5c4519ded8c4') in 0.008729 seconds 
========================================================================
Received Import Request.
  Time since last request: 0.787570 seconds.
  path: Assets/EZ Camera Shake/Scripts/CameraShaker.cs
  artifactKey: Guid(2ab8353b5ebd32545867da143199a814) Importer(815301076,1909f56bfc062723c751e8b465ee728b)
Start importing Assets/EZ Camera Shake/Scripts/CameraShaker.cs using Guid(2ab8353b5ebd32545867da143199a814) Importer(815301076,1909f56bfc062723c751e8b465ee728b)  -> (artifact id: '81139461b6864c12e3d9704ae5738cb2') in 0.010372 seconds 
========================================================================
Received Import Request.
  Time since last request: 0.483298 seconds.
  path: Assets/EZ Camera Shake/Scripts/CameraShakePresets.cs
  artifactKey: Guid(10b257f8230acee41bf69ee03cd26f50) Importer(815301076,1909f56bfc062723c751e8b465ee728b)
Start importing Assets/EZ Camera Shake/Scripts/CameraShakePresets.cs using Guid(10b257f8230acee41bf69ee03cd26f50) Importer(815301076,1909f56bfc062723c751e8b465ee728b)  -> (artifact id: '98d395ba3e22b26bc70c6d4d4084b32c') in 0.006538 seconds 
========================================================================
Received Import Request.
  Time since last request: 2.283938 seconds.
  path: Assets/EZ Camera Shake/Scripts/Utilities
  artifactKey: Guid(590250110663d93419fb2e7108659b2f) Importer(815301076,1909f56bfc062723c751e8b465ee728b)
Start importing Assets/EZ Camera Shake/Scripts/Utilities using Guid(590250110663d93419fb2e7108659b2f) Importer(815301076,1909f56bfc062723c751e8b465ee728b)  -> (artifact id: '3d61000748ca7d63c45c3bd064b1da31') in 0.007919 seconds 
========================================================================
Received Import Request.
  Time since last request: 0.995418 seconds.
  path: Assets/EZ Camera Shake/Scripts/Utilities/CameraUtilities.cs
  artifactKey: Guid(5eebeb0be12630947983c46c4641a0b5) Importer(815301076,1909f56bfc062723c751e8b465ee728b)
Start importing Assets/EZ Camera Shake/Scripts/Utilities/CameraUtilities.cs using Guid(5eebeb0be12630947983c46c4641a0b5) Importer(815301076,1909f56bfc062723c751e8b465ee728b)  -> (artifact id: '9a219d15b4d5eca7593d88f663b0d885') in 0.007273 seconds 
========================================================================
Received Import Request.
  Time since last request: 4.145281 seconds.
  path: Assets/EZ Camera Shake/Demo/Sample Scripts
  artifactKey: Guid(35ad9b6c68e6c5545b5c06618ec76035) Importer(815301076,1909f56bfc062723c751e8b465ee728b)
Start importing Assets/EZ Camera Shake/Demo/Sample Scripts using Guid(35ad9b6c68e6c5545b5c06618ec76035) Importer(815301076,1909f56bfc062723c751e8b465ee728b)  -> (artifact id: '53c6a037876cb67342d96744552fdefc') in 0.006873 seconds 
========================================================================
Received Import Request.
  Time since last request: 37.123445 seconds.
  path: Assets/EZ Camera Shake/Scripts
  artifactKey: Guid(3a6645a03c86c4646b3a797a1489e31d) Importer(815301076,1909f56bfc062723c751e8b465ee728b)
Start importing Assets/EZ Camera Shake/Scripts using Guid(3a6645a03c86c4646b3a797a1489e31d) Importer(815301076,1909f56bfc062723c751e8b465ee728b)  -> (artifact id: '05310e2338cc57120cdd9bcac073e1ab') in 0.006123 seconds 
AssetImportWorkerClient::OnTransportError - code=2 error=End of file
